#Res1       #Res2  TotalFrac nnContacts
335           768    11.1979         51
335           764    11.0283         44
337           763    7.74343         25
20            712    5.88773         17
17            756    4.58007         33
1             740    4.38957         32
336           765    4.37633         14
23            761    4.36017         38
16            756     4.3038         48
6             750    4.28373         40
20            761    4.14513         20
16            716    3.85627         24
1             738    3.61943         17
65            750      3.512         18
10            752      3.172         22
312           763      3.047         18
9             719    3.04647         28
23            764     3.0034         20
24            761    2.53537         25
9             752    2.40157         37
13            752     2.2659         37
335           765    2.25253          6
6             738    2.11093         27
23            763    1.98853         13
16            757    1.84983         15
13            756    1.83343         28
339           763    1.70107          8
6             739    1.61677         19
336           768    1.55167         11
1             739    1.25263         22
6             740    1.15647         22
9             738    1.06503          9
64            749   0.784067         12
12            718   0.678967         19
16            666      0.668         16
16            718     0.5844         15
368           768   0.566033         11
12            719     0.5398         15
61            749     0.5149         24
24            712   0.513367          6
369           668      0.493         16
13            719   0.436467         18
13            718     0.4219         12
9             736     0.3547         10
64            750   0.353867         16
307           766   0.319933         32
306           766   0.301967         15
19            768     0.2856         12
337           765   0.277933          5
65            752   0.253867          6
335           758   0.252633          6
375           768   0.249767         11
65            749   0.234167         12
6             752     0.1854         10
20            764   0.167067          6
5             736     0.1548         13
336           764   0.141067          6
306           765   0.119333          6
336           763   0.107867          3
368           766   0.103533          7
9             750  0.0981667          9
16            758  0.0979667         12
307           769  0.0954333         14
10            750  0.0949333         11
10            749  0.0766333         13
13            753  0.0644333         17
338           766     0.0574          5
24            709  0.0535333         11
5             738  0.0528667         23
5             721  0.0466333          8
365           766  0.0446333         11
12            756  0.0436667          4
306           769  0.0432333          7
20            759  0.0418667          7
336           766  0.0408667          6
334           764  0.0324333          3
1             721     0.0321          6
335           666     0.0316          7
1             737  0.0269333         13
16            680     0.0262         10
369           666     0.0221         10
13            755     0.0218          3
307           765     0.0207          8
1             736     0.0199          5
10            748     0.0194          5
306           764  0.0180333          2
369           768  0.0164667         11
368           668  0.0161333          7
337           764  0.0160667          9
12            680  0.0153667          9
61            748  0.0150333          6
27            763     0.0147          6
2             740     0.0102         13
13            748     0.0086          9
307           764 0.00783333          7
311           703 0.00753333          6
307           703 0.00706667          7
19            666 0.00656667          5
61            752     0.0041          6
65            738 0.00366667          6
6             741 0.00343333          8
5             737 0.00323333          3
64            741 0.00313333          6
3             740     0.0029          8
61            750 0.00253333          8
27            761 0.00253333          7
308           763 0.00226667          4
5             739 0.00166667          5
307           702     0.0016          5
335           759 0.00156667          3
307           700     0.0013          4
307           763 0.00106667          4
2             738 0.000966667          2
8             684 0.000666667          4
6             737     0.0006          6
20            758     0.0006          2
311           763     0.0005          4
17            757 0.000466667          8
58            749 0.000433333          6
335           757 0.000433333          1
20            757     0.0004          2
2             739 0.000333333          2
335           761 0.000333333          2
369           767     0.0003          3
6             736 0.000233333          5
13            747     0.0002          4
16            768     0.0002          2
307           762 0.000166667          4
311           762 0.000166667          2
368           666 0.000166667          1
8             680 0.000133333          1
20            709     0.0001          2
58            748     0.0001          2
64            740     0.0001          1
335           712     0.0001          1
7             750 6.66667e-05          2
8             719 6.66667e-05          2
307           771 6.66667e-05          2
3             750 6.66667e-05          1
17            755 6.66667e-05          1
369           766 6.66667e-05          1
5             752 3.33333e-05          1
9             737 3.33333e-05          1
16            669 3.33333e-05          1
50            712 3.33333e-05          1
57            749 3.33333e-05          1
307           638 3.33333e-05          1
308           766 3.33333e-05          1
335           766 3.33333e-05          1
541           668 3.33333e-05          1
